=== Suite started at 2026-03-26 11:40:34
=== Starting test, 4 test cases
=cases         4
=user          pkathiravelu
=host          ANC-6J71LS3
=hosts         ANC-6J71LS3 
=emulator_vsn  16.0.2
=emulator      beam
=otp_release   28
=started       2026-03-26 11:40:34
=case          iguana_meta_guard_SUITE:init_per_suite
=logfile       iguana_meta_guard_suite.init_per_suite.html
=started       2026-03-26 11:40:34
=ended         2026-03-26 11:40:34
=result        ok
=elapsed       0.002764s
=case          iguana_meta_guard_SUITE:test_initial_state
=logfile       iguana_meta_guard_suite.test_initial_state.html
=started       2026-03-26 11:40:34
=ended         2026-03-26 11:40:35
=result        ok
=elapsed       0.000000s
=case          iguana_meta_guard_SUITE:test_domain_shift
=logfile       iguana_meta_guard_suite.test_domain_shift.html
=started       2026-03-26 11:40:35
=ended         2026-03-26 11:40:35
=result        failed: {'EXIT',
                           {noproc,
                               {gen_server,call,
                                   [pg,
                                    {join_local,iguana_swarm,<0.135.0>},
                                    infinity]}}}, unknown_location
=elapsed       0.000000s
=== *** FAILED test case 2 of 4 ***
=case          iguana_meta_guard_SUITE:test_unknown_domain
=logfile       iguana_meta_guard_suite.test_unknown_domain.html
=started       2026-03-26 11:40:35
=ended         2026-03-26 11:40:35
=result        ok
=elapsed       0.104960s
=case          iguana_meta_guard_SUITE:test_swarm_broadcast
=logfile       iguana_meta_guard_suite.test_swarm_broadcast.html
=started       2026-03-26 11:40:35
=ended         2026-03-26 11:40:35
=result        failed: {'EXIT',
                           {noproc,
                               {gen_server,call,
                                   [pg,
                                    {join_local,iguana_swarm,<0.148.0>},
                                    infinity]}}}, unknown_location
=elapsed       0.000000s
=== *** FAILED test case 4 of 4 ***
=case          iguana_meta_guard_SUITE:end_per_suite
=logfile       iguana_meta_guard_suite.end_per_suite.html
=started       2026-03-26 11:40:35
=ended         2026-03-26 11:40:35
=result        failed: {undef,
                        [{iguana_meta_guard_SUITE,end_per_suite,
                          [[{watchdog,<0.155.0>},
                            {tc_group_result,
                             [{ok,
                               [{iguana_meta_guard_SUITE,test_initial_state},
                                {iguana_meta_guard_SUITE,
                                 test_unknown_domain}]},
                              {skipped,[]},
                              {failed,
                               [{iguana_meta_guard_SUITE,test_domain_shift},
                                {iguana_meta_guard_SUITE,
                                 test_swarm_broadcast}]}]},
                            {tc_logfile,
                             "c:/IGUANA/ct_run.ct@ANC-6J71LS3.2026-03-26_11.40.34/IGUANA.ebin.iguana_meta_guard_SUITE.logs/run.2026-03-26_11.40.34/iguana_meta_guard_suite.end_per_suite.html"},
                            {tc_group_properties,[]},
                            {tc_group_path,[]},
                            {data_dir,
                             "c:/IGUANA/ebin/iguana_meta_guard_SUITE_data/"},
                            {priv_dir,
                             "c:/IGUANA/ct_run.ct@ANC-6J71LS3.2026-03-26_11.40.34/IGUANA.ebin.iguana_meta_guard_SUITE.logs/run.2026-03-26_11.40.34/log_private/"}]],
                          []},
                         {test_server,ts_tc,3,
                          [{file,"test_server.erl"},{line,1796}]},
                         {test_server,run_test_case_eval1,6,
                          [{file,"test_server.erl"},{line,1393}]},
                         {test_server,run_test_case_eval,9,
                          [{file,"test_server.erl"},{line,1237}]}]}, [{iguana_meta_guard_SUITE,
                                                                       end_per_suite},
                                                                      {test_server,
                                                                       ts_tc,
                                                                       1796},
                                                                      {test_server,
                                                                       run_test_case_eval1,
                                                                       1393},
                                                                      {test_server,
                                                                       run_test_case_eval,
                                                                       1237}]
=elapsed       0.000000s
=== *** FAILED {iguana_meta_guard_SUITE,end_per_suite} ***
=group_time    0.343s
=== TEST COMPLETE, 2 ok, 2 failed of 4 test cases

=finished      2026-03-26 11:40:35
=failed        2
=successful    2
=user_skipped  0
=auto_skipped  0
=elapsed_time  428646
